<?xml version="1.0" encoding="UTF-8"?>
<!-- Generated by org.testng.reporters.JUnitXMLReporter -->
<testsuite ignored="1" hostname="DESKTOP-OEMEF1T" failures="0" tests="1" name="Default test" time="9.621" errors="0" timestamp="2025-03-20T00:51:42 EET">
  <testcase classname="tests.AutomatedTests" name="testReadDataFromTxtFile" time="2.669"/>
  <testcase classname="tests.AutomatedTests" name="testOrderProducts" time="0.0">
    <ignored/>
  </testcase> <!-- testOrderProducts -->
</testsuite> <!-- Default test -->
