<?xml version="1.0" encoding="UTF-8"?>
<testng-results ignored="0" total="1" passed="1" failed="0" skipped="0">
  <reporter-output>
  </reporter-output>
  <suite started-at="2025-03-20T00:51:33 EET" name="Default suite" finished-at="2025-03-20T00:51:42 EET" duration-ms="9621">
    <groups>
    </groups>
    <test started-at="2025-03-20T00:51:33 EET" name="Default test" finished-at="2025-03-20T00:51:42 EET" duration-ms="9621">
      <class name="tests.AutomatedTests">
        <test-method is-config="true" signature="createUser()[pri:0, instance:tests.AutomatedTests@24aed80c]" started-at="2025-03-20T00:51:33 EET" name="createUser" finished-at="2025-03-20T00:51:38 EET" duration-ms="5785" status="PASS">
          <reporter-output>
          </reporter-output>
        </test-method> <!-- createUser -->
        <test-method is-config="true" signature="setUp()[pri:0, instance:tests.AutomatedTests@24aed80c]" started-at="2025-03-20T00:51:38 EET" name="setUp" finished-at="2025-03-20T00:51:39 EET" duration-ms="770" status="PASS">
          <reporter-output>
          </reporter-output>
        </test-method> <!-- setUp -->
        <test-method signature="testReadDataFromTxtFile()[pri:0, instance:tests.AutomatedTests@24aed80c]" started-at="2025-03-20T00:51:39 EET" name="testReadDataFromTxtFile" finished-at="2025-03-20T00:51:42 EET" duration-ms="2669" status="PASS">
          <reporter-output>
          </reporter-output>
        </test-method> <!-- testReadDataFromTxtFile -->
        <test-method is-config="true" signature="tearDown()[pri:0, instance:tests.AutomatedTests@24aed80c]" started-at="2025-03-20T00:51:42 EET" name="tearDown" finished-at="2025-03-20T00:51:42 EET" duration-ms="340" status="PASS">
          <reporter-output>
          </reporter-output>
        </test-method> <!-- tearDown -->
      </class> <!-- tests.AutomatedTests -->
    </test> <!-- Default test -->
  </suite> <!-- Default suite -->
</testng-results>
